<?xml version="1.0" encoding="UTF-8"?>
<testsuite name="SOFT2412A1.DailyRatesTest" tests="4" skipped="0" failures="0" errors="0" timestamp="2022-09-20T13:21:19" hostname="Georges-MacPro" time="0.005">
  <properties/>
  <testcase name="toStringSimple()" classname="SOFT2412A1.DailyRatesTest" time="0.0"/>
  <testcase name="getCurrencySimple()" classname="SOFT2412A1.DailyRatesTest" time="0.001"/>
  <testcase name="getRatioGridSimple()" classname="SOFT2412A1.DailyRatesTest" time="0.0"/>
  <testcase name="getDataSimple()" classname="SOFT2412A1.DailyRatesTest" time="0.001"/>
  <system-out><![CDATA[]]></system-out>
  <system-err><![CDATA[]]></system-err>
</testsuite>
