<?xml version="1.0" encoding="UTF-8"?>
<testsuite name="SOFT2412A1.FileHandlerTest" tests="2" skipped="0" failures="0" errors="0" timestamp="2022-09-20T13:21:19" hostname="Georges-MacPro" time="0.004">
  <properties/>
  <testcase name="readSimple()" classname="SOFT2412A1.FileHandlerTest" time="0.001"/>
  <testcase name="writeSimple()" classname="SOFT2412A1.FileHandlerTest" time="0.002"/>
  <system-out><![CDATA[]]></system-out>
  <system-err><![CDATA[]]></system-err>
</testsuite>
