<?xml version="1.0" encoding="UTF-8"?>
<testsuite name="SOFT2412A1.CurrencyTest" tests="3" skipped="0" failures="0" errors="0" timestamp="2022-09-20T13:21:19" hostname="Georges-MacPro" time="0.004">
  <properties/>
  <testcase name="getName()" classname="SOFT2412A1.CurrencyTest" time="0.001"/>
  <testcase name="testEquals()" classname="SOFT2412A1.CurrencyTest" time="0.002"/>
  <testcase name="getValue()" classname="SOFT2412A1.CurrencyTest" time="0.001"/>
  <system-out><![CDATA[]]></system-out>
  <system-err><![CDATA[]]></system-err>
</testsuite>
